<?xml version="1.0" encoding="UTF-8"?>
<!-- Generated by org.testng.reporters.JUnitReportReporter -->
<testsuite hostname="MT-91110305H" failures="0" tests="1" name="TestCases.TravelAgentHomePage" time="16.195" errors="0" timestamp="2022-01-16T14:28:54 IST" skipped="0">
  <testcase classname="TestCases.TravelAgentHomePage" name="MainHomePage" time="16.195"/>
  <system-out/>
</testsuite> <!-- TestCases.TravelAgentHomePage -->
