<?xml version="1.0" encoding="UTF-8"?>
<!-- Generated by org.testng.reporters.JUnitReportReporter -->
<testsuite hostname="MT-91110305H" failures="0" tests="1" name="TestCases.OutStationHomePage" time="17.385" errors="0" timestamp="2022-01-15T19:57:52 IST" skipped="0">
  <testcase classname="TestCases.OutStationHomePage" name="MainHomePage" time="17.385"/>
  <system-out/>
</testsuite> <!-- TestCases.OutStationHomePage -->
