<?xml version="1.0" encoding="UTF-8"?>
<!-- Generated by org.testng.reporters.JUnitReportReporter -->
<testsuite hostname="MT-91110305H" failures="0" tests="1" name="TestCases.Outstation1HomePage" time="19.042" errors="0" timestamp="2022-01-16T19:38:33 IST" skipped="0">
  <testcase classname="TestCases.Outstation1HomePage" name="MainHomePage" time="19.042"/>
  <system-out/>
</testsuite> <!-- TestCases.Outstation1HomePage -->
