<?xml version="1.0" encoding="UTF-8"?>
<!-- Generated by org.testng.reporters.JUnitReportReporter -->
<testsuite hostname="MT-91110305H" failures="0" tests="1" name="TestCases.SiginHomepage" time="13.262" errors="0" timestamp="2022-01-15T17:47:53 IST" skipped="0">
  <testcase classname="TestCases.SiginHomepage" name="MainHomePage" time="13.262"/>
  <system-out/>
</testsuite> <!-- TestCases.SiginHomepage -->
