<?xml version="1.0" encoding="UTF-8"?>
<!-- Generated by org.testng.reporters.JUnitReportReporter -->
<testsuite hostname="MT-91110305H" failures="0" tests="1" name="TestCases.LocalTabHomePage" time="17.687" errors="0" timestamp="2022-01-16T10:37:45 IST" skipped="0">
  <testcase classname="TestCases.LocalTabHomePage" name="MainHomePage" time="17.687"/>
  <system-out/>
</testsuite> <!-- TestCases.LocalTabHomePage -->
