<?xml version="1.0" encoding="UTF-8"?>
<!-- Generated by org.testng.reporters.JUnitReportReporter -->
<testsuite hostname="MT-91110305H" failures="0" tests="1" name="TestCases.FeaturedHomePage" time="29.942" errors="0" timestamp="2022-01-16T13:01:05 IST" skipped="0">
  <testcase classname="TestCases.FeaturedHomePage" name="NavigationPage" time="29.942"/>
  <system-out/>
</testsuite> <!-- TestCases.FeaturedHomePage -->
