<?xml version="1.0" encoding="UTF-8"?>
<!-- Generated by org.testng.reporters.JUnitReportReporter -->
<testsuite hostname="MT-91110305H" failures="0" tests="1" name="TestCases.AirportTabHomePage" time="26.787" errors="0" timestamp="2022-01-16T12:50:36 IST" skipped="0">
  <testcase classname="TestCases.AirportTabHomePage" name="MainHomePage" time="26.787"/>
  <system-out/>
</testsuite> <!-- TestCases.AirportTabHomePage -->
