<?xml version="1.0" encoding="UTF-8"?>
<!-- Generated by org.testng.reporters.JUnitReportReporter -->
<testsuite hostname="MT-91110305H" failures="0" tests="1" name="TestCases.AboutUsHomePage" time="37.972" errors="0" timestamp="2022-01-16T18:26:48 IST" skipped="0">
  <testcase classname="TestCases.AboutUsHomePage" name="MainHomePage" time="37.972"/>
  <system-out/>
</testsuite> <!-- TestCases.AboutUsHomePage -->
