<?xml version="1.0" encoding="UTF-8"?>
<!-- Generated by org.testng.reporters.JUnitReportReporter -->
<testsuite hostname="MT-91110305H" failures="0" tests="1" name="TestCases.SiginHomepage" time="14.540" errors="0" timestamp="18 Jan 2022 08:04:24 GMT">
  <testcase classname="TestCases.SiginHomepage" name="MainHomePage" time="14.540"/>
</testsuite> <!-- TestCases.SiginHomepage -->
