<?xml version="1.0" encoding="UTF-8"?>
<!-- Generated by org.testng.reporters.JUnitReportReporter -->
<testsuite hostname="MT-91110305H" failures="0" tests="1" name="TestCases.FeaturedHomePage" time="19.268" errors="0" timestamp="18 Jan 2022 07:33:17 GMT">
  <testcase classname="TestCases.FeaturedHomePage" name="NavigationPage" time="19.268"/>
</testsuite> <!-- TestCases.FeaturedHomePage -->
