<?xml version="1.0" encoding="UTF-8"?>
<!-- Generated by org.testng.reporters.JUnitReportReporter -->
<testsuite hostname="MT-91110305H" failures="0" tests="1" name="TestCases.Outstation1HomePage" time="19.331" errors="0" timestamp="18 Jan 2022 07:33:17 GMT">
  <testcase classname="TestCases.Outstation1HomePage" name="MainHomePage" time="19.331"/>
</testsuite> <!-- TestCases.Outstation1HomePage -->
