<?xml version="1.0" encoding="UTF-8"?>
<!-- Generated by org.testng.reporters.JUnitReportReporter -->
<testsuite hostname="MT-91110305H" failures="0" tests="1" name="TestCases.TravelAgentHomePage" time="99.608" errors="0" timestamp="18 Jan 2022 08:56:34 GMT">
  <testcase classname="TestCases.TravelAgentHomePage" name="MainHomePage" time="99.608"/>
</testsuite> <!-- TestCases.TravelAgentHomePage -->
